<?xml version="1.0" encoding="UTF-8"?>
<!-- Generated by org.testng.reporters.JUnitReportReporter -->
<testsuite hostname="DESKTOP-B77P4AS" failures="0" tests="1" name="REGISTER.register_class" time="14.189" errors="0" timestamp="2022-09-04T14:41:07 EET" skipped="0">
  <testcase classname="REGISTER.register_class" name="register" time="14.189"/>
  <system-out>
    <![CDATA[Brower is opened now
Brower is maximized
Click logo Account
Click My Account
Click create Account Button
Data is entered for firstname
Data is entered for lastname
Data is entered for email_address
Data is entered for password
Data is entered for password confirmation
Click Radio Button
Click Register Button
Message for registering]]>
  </system-out>
</testsuite> <!-- REGISTER.register_class -->
